[debug] [2023-07-09T21:49:15.582Z] ----------------------------------------------------------------------
[debug] [2023-07-09T21:49:15.583Z] Command:       /usr/local/bin/node /usr/local/bin/firebase init
[debug] [2023-07-09T21:49:15.584Z] CLI Version:   12.4.3
[debug] [2023-07-09T21:49:15.585Z] Platform:      darwin
[debug] [2023-07-09T21:49:15.586Z] Node Version:  v18.14.0
[debug] [2023-07-09T21:49:15.587Z] Time:          Sun Jul 09 2023 17:49:15 GMT-0400 (Eastern Daylight Time)
[debug] [2023-07-09T21:49:15.587Z] ----------------------------------------------------------------------
[debug] 
[debug] [2023-07-09T21:49:15.597Z] > command requires scopes: ["email","openid","https://www.googleapis.com/auth/cloudplatformprojects.readonly","https://www.googleapis.com/auth/firebase","https://www.googleapis.com/auth/cloud-platform"]
[debug] [2023-07-09T21:49:15.599Z] > authorizing via signed-in user (dbilenkin@gmail.com)
[info] 
     ######## #### ########  ######## ########     ###     ######  ########
     ##        ##  ##     ## ##       ##     ##  ##   ##  ##       ##
     ######    ##  ########  ######   ########  #########  ######  ######
     ##        ##  ##    ##  ##       ##     ## ##     ##       ## ##
     ##       #### ##     ## ######## ########  ##     ##  ######  ########

You're about to initialize a Firebase project in this directory:

  /Users/dimitribilenkin/Documents/workspace/incommon

[info] 
=== Project Setup
[info] 
[info] First, let's associate this project directory with a Firebase project.
[info] You can create multiple project aliases by running firebase use --add, 
[info] but for now we'll just set up a default project.
[info] 
[debug] [2023-07-09T21:50:11.251Z] >>> [apiv2][query] GET https://firebase.googleapis.com/v1beta1/projects pageSize=100
[debug] [2023-07-09T21:50:11.651Z] <<< [apiv2][status] GET https://firebase.googleapis.com/v1beta1/projects 200
[debug] [2023-07-09T21:50:11.652Z] <<< [apiv2][body] GET https://firebase.googleapis.com/v1beta1/projects [omitted]
[info] i  Using project incommon-5a80d (incommon) 
[info] 
=== Database Setup
[info] i  database: ensuring required API firebasedatabase.googleapis.com is enabled... 
[debug] [2023-07-09T21:50:14.745Z] >>> [apiv2][query] GET https://serviceusage.googleapis.com/v1/projects/incommon-5a80d/services/firebasedatabase.googleapis.com [none]
[debug] [2023-07-09T21:50:14.746Z] >>> [apiv2][(partial)header] GET https://serviceusage.googleapis.com/v1/projects/incommon-5a80d/services/firebasedatabase.googleapis.com x-goog-quota-user=projects/incommon-5a80d
[debug] [2023-07-09T21:50:15.099Z] <<< [apiv2][status] GET https://serviceusage.googleapis.com/v1/projects/incommon-5a80d/services/firebasedatabase.googleapis.com 200
[debug] [2023-07-09T21:50:15.101Z] <<< [apiv2][body] GET https://serviceusage.googleapis.com/v1/projects/incommon-5a80d/services/firebasedatabase.googleapis.com [omitted]
[info] ✔  database: required API firebasedatabase.googleapis.com is enabled 
[info] 
[debug] [2023-07-09T21:50:15.104Z] >>> [apiv2][query] GET https://firebasedatabase.googleapis.com/v1beta/projects/incommon-5a80d/locations/-/instances/incommon-5a80d-default-rtdb [none]
[debug] [2023-07-09T21:50:15.333Z] <<< [apiv2][status] GET https://firebasedatabase.googleapis.com/v1beta/projects/incommon-5a80d/locations/-/instances/incommon-5a80d-default-rtdb 200
[debug] [2023-07-09T21:50:15.336Z] <<< [apiv2][body] GET https://firebasedatabase.googleapis.com/v1beta/projects/incommon-5a80d/locations/-/instances/incommon-5a80d-default-rtdb {"name":"projects/628109166184/locations/us-central1/instances/incommon-5a80d-default-rtdb","project":"projects/628109166184","databaseUrl":"https://incommon-5a80d-default-rtdb.firebaseio.com","type":"DEFAULT_DATABASE","state":"ACTIVE"}
[info] 
[info] Firebase Realtime Database Security Rules allow you to define how your data should be
[info] structured and when your data can be read from and written to.
[info] 
[debug] [2023-07-09T21:50:22.582Z] >>> [apiv2][query] GET https://incommon-5a80d-default-rtdb.firebaseio.com/.settings/rules.json [none]
[debug] [2023-07-09T21:50:22.721Z] <<< [apiv2][status] GET https://incommon-5a80d-default-rtdb.firebaseio.com/.settings/rules.json 200
[debug] [2023-07-09T21:50:22.722Z] <<< [apiv2][body] GET https://incommon-5a80d-default-rtdb.firebaseio.com/.settings/rules.json [stream]
[info] ✔  Database Rules for incommon-5a80d-default-rtdb have been written to database.rules.json. 
[info] Future modifications to database.rules.json will update Realtime Database Security Rules when you run
[info] firebase deploy.
[info] 
=== Hosting Setup
[info] 
[info] Your public directory is the folder (relative to your project directory) that
[info] will contain Hosting assets to be uploaded with firebase deploy. If you
[info] have a build process for your assets, use your build's output directory.
[info] 
[debug] [2023-07-09T21:50:39.510Z] >>> [apiv2][query] GET https://www.gstatic.com/firebasejs/releases.json [none]
[debug] [2023-07-09T21:50:39.583Z] <<< [apiv2][status] GET https://www.gstatic.com/firebasejs/releases.json 200
[debug] [2023-07-09T21:50:39.584Z] <<< [apiv2][body] GET https://www.gstatic.com/firebasejs/releases.json {"current":{"version":"10.0.0","browserURL":"https://www.gstatic.com/firebasejs/10.0.0/firebase.js","packageURL":"https://www.gstatic.com/firebasejs/10.0.0/firebase.tgz"},"live":{"version":"10.0","browserURL":"https://www.gstatic.com/firebasejs/live/10.0/firebase.js","packageURL":"https://www.gstatic.com/firebasejs/live/10.0/firebase.tgz"},"components":{"analytics":"https://www.gstatic.com/firebasejs/10.0.0/firebase-analytics.js","app":"https://www.gstatic.com/firebasejs/10.0.0/firebase-app.js","app-check":"https://www.gstatic.com/firebasejs/10.0.0/firebase-app-check.js","auth":"https://www.gstatic.com/firebasejs/10.0.0/firebase-auth.js","auth/cordova":"https://www.gstatic.com/firebasejs/10.0.0/firebase-auth/cordova.js","functions":"https://www.gstatic.com/firebasejs/10.0.0/firebase-functions.js","firestore":"https://www.gstatic.com/firebasejs/10.0.0/firebase-firestore.js","firestore/lite":"https://www.gstatic.com/firebasejs/10.0.0/firebase-firestore/lite.js","installations":"https://www.gstatic.com/firebasejs/10.0.0/firebase-installations.js","storage":"https://www.gstatic.com/firebasejs/10.0.0/firebase-storage.js","performance":"https://www.gstatic.com/firebasejs/10.0.0/firebase-performance.js","remote-config":"https://www.gstatic.com/firebasejs/10.0.0/firebase-remote-config.js","messaging":"https://www.gstatic.com/firebasejs/10.0.0/firebase-messaging.js","messaging/sw":"https://www.gstatic.com/firebasejs/10.0.0/firebase-messaging/sw.js","database":"https://www.gstatic.com/firebasejs/10.0.0/firebase-database.js","firestore.memory":"https://www.gstatic.com/firebasejs/10.0.0/firebase-firestore.memory.js"}}
[info] i  Skipping write of public/index.html 
[info] 
[info] i  Detected a .git folder at /Users/dimitribilenkin/Documents/workspace/incommon 
[info] i  Authorizing with GitHub to upload your service account to a GitHub repository's secrets store. 
[info] 
[info] Visit this URL on this device to log in:
[info] https://github.com/login/oauth/authorize?client_id=89cf50f02ac6aaed3484&state=957376560&redirect_uri=http%3A%2F%2Flocalhost%3A9005&scope=read%3Auser%20repo%20public_repo
[info] 
[info] Waiting for authentication...
[debug] [2023-07-09T21:51:08.687Z] >>> [apiv2][query] POST https://github.com/login/oauth/access_token [none]
[debug] [2023-07-09T21:51:08.688Z] >>> [apiv2][body] POST https://github.com/login/oauth/access_token [stream]
[debug] [2023-07-09T21:51:08.899Z] <<< [apiv2][status] POST https://github.com/login/oauth/access_token 200
[debug] [2023-07-09T21:51:08.901Z] <<< [apiv2][body] POST https://github.com/login/oauth/access_token {"access_token":"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","token_type":"bearer","scope":"read:user,repo"}
[debug] [2023-07-09T21:51:08.915Z] >>> [apiv2][query] GET https://api.github.com/user [none]
[debug] [2023-07-09T21:51:09.143Z] <<< [apiv2][status] GET https://api.github.com/user 200
[debug] [2023-07-09T21:51:09.144Z] <<< [apiv2][body] GET https://api.github.com/user {"login":"dbilenkin","id":1110754,"node_id":"MDQ6VXNlcjExMTA3NTQ=","avatar_url":"https://avatars.githubusercontent.com/u/1110754?v=4","gravatar_id":"","url":"https://api.github.com/users/dbilenkin","html_url":"https://github.com/dbilenkin","followers_url":"https://api.github.com/users/dbilenkin/followers","following_url":"https://api.github.com/users/dbilenkin/following{/other_user}","gists_url":"https://api.github.com/users/dbilenkin/gists{/gist_id}","starred_url":"https://api.github.com/users/dbilenkin/starred{/owner}{/repo}","subscriptions_url":"https://api.github.com/users/dbilenkin/subscriptions","organizations_url":"https://api.github.com/users/dbilenkin/orgs","repos_url":"https://api.github.com/users/dbilenkin/repos","events_url":"https://api.github.com/users/dbilenkin/events{/privacy}","received_events_url":"https://api.github.com/users/dbilenkin/received_events","type":"User","site_admin":false,"name":"Dimitri Bilenkin","company":null,"blog":"","location":"Richmond, VA","email":"dbilenkin@gmail.com","hireable":null,"bio":null,"twitter_username":null,"public_repos":62,"public_gists":0,"followers":45,"following":0,"created_at":"2011-10-07T17:25:59Z","updated_at":"2023-05-16T11:13:33Z","private_gists":0,"total_private_repos":3,"owned_private_repos":3,"disk_usage":74220,"collaborators":2,"two_factor_authentication":false,"plan":{"name":"free","space":976562499,"collaborators":0,"private_repos":10000}}
[info] 
[info] ✔  Success! Logged into GitHub as dbilenkin 
[info] 
[debug] [2023-07-09T21:51:16.251Z] >>> [apiv2][query] GET https://api.github.com/repos//actions/secrets/public-key type=owner
[debug] [2023-07-09T21:51:16.363Z] <<< [apiv2][status] GET https://api.github.com/repos//actions/secrets/public-key 404
[debug] [2023-07-09T21:51:16.364Z] <<< [apiv2][body] GET https://api.github.com/repos//actions/secrets/public-key {"message":"Not Found","documentation_url":"https://docs.github.com/rest"}
[info] 
[info] 
[error] ⚠  The provided authorization cannot be used with this repository. If this repository is in an organization, did you remember to grant access? 
[info] 
[info] i  Action required: Visit this URL to ensure access has been granted to the appropriate organization(s) for the Firebase CLI GitHub OAuth App: 
[info] https://github.com/settings/connections/applications/89cf50f02ac6aaed3484
[info] 
